<?xml version="1.0" encoding="UTF-8"?>
<!-- Generated by org.testng.reporters.JUnitReportReporter -->
<testsuite hostname="Nehas-MacBook-Air.local" failures="0" tests="1" name="tests.ElementsTest" time="67.569" errors="0" timestamp="28 Feb 2025 08:46:45 GMT" skipped="0">
  <testcase classname="tests.ElementsTest" name="testNewTabOpenOnClick" time="67.569"/>
</testsuite> <!-- tests.ElementsTest -->
