<?xml version="1.0" encoding="UTF-8"?>
<!-- Generated by org.testng.reporters.JUnitReportReporter -->
<testsuite hostname="Nehas-MacBook-Air.local" failures="0" tests="1" name="tests.ElementsTest" time="61.478" errors="0" timestamp="20 Jan 2025 07:46:35 GMT" skipped="0">
  <testcase classname="tests.ElementsTest" name="openHomePage" time="61.478"/>
</testsuite> <!-- tests.ElementsTest -->
